ERROR: fr.proline.mzscope.mzdb.MzdbRawFile [pool-2-thread-1] 20 juin 2023 - 16:16:46 - cannot read file C:\Users\CD272832\Downloads\replicates_100fmol\mzdb\OEMMA121101_61b.mzdb
com.almworks.sqlite4java.SQLiteException: [-91] cannot load library: java.lang.UnsatisfiedLinkError: no sqlite4java-win32-x64-1.0.392 in java.library.path: C:\Christophe\logiciels\jdk-17\bin;C:\WINDOWS\Sun\Java\bin;C:\WINDOWS\system32;C:\WINDOWS;C:\Program Files\Common Files\Oracle\Java\javapath;C:\WINDOWS\system32;C:\WINDOWS;C:\WINDOWS\System32\Wbem;C:\WINDOWS\System32\WindowsPowerShell\v1.0\;C:\WINDOWS\System32\OpenSSH\;C:\Program Files\SafeNet\Authentication\SAC\x64;C:\Program Files\SafeNet\Authentication\SAC\x32;C:\Program Files\PuTTY\;C:\Program Files\Git\cmd;C:\Microsoft VS Code\bin;C:\Users\CD272832\AppData\Local\Microsoft\WindowsApps;C:\Users\CD272832\AppData\Local\Programs\Git\cmd;.
	at com.almworks.sqlite4java.SQLite.loadLibrary(SQLite.java:97)
	at com.almworks.sqlite4java.SQLiteConnection.open0(SQLiteConnection.java:1441)
	at com.almworks.sqlite4java.SQLiteConnection.openReadonly(SQLiteConnection.java:307)
	at fr.profi.mzdb.MzDbReader.<init>(MzDbReader.java:93)
	at fr.profi.mzdb.MzDbReader.<init>(MzDbReader.java:148)
	at fr.proline.mzscope.mzdb.MzdbRawFile.init(MzdbRawFile.java:92)
	at fr.proline.mzscope.mzdb.MzdbRawFile.<init>(MzdbRawFile.java:83)
	at fr.proline.mzscope.mzdb.ThreadedMzdbRawFile.lambda$init$0(ThreadedMzdbRawFile.java:54)
	at java.base/java.util.concurrent.Executors$RunnableAdapter.call(Executors.java:539)
	at java.base/java.util.concurrent.FutureTask.run(FutureTask.java:264)
	at java.base/java.util.concurrent.ThreadPoolExecutor.runWorker(ThreadPoolExecutor.java:1136)
	at java.base/java.util.concurrent.ThreadPoolExecutor$Worker.run(ThreadPoolExecutor.java:635)
	at java.base/java.lang.Thread.run(Thread.java:833)
Caused by: java.lang.UnsatisfiedLinkError: no sqlite4java-win32-x64-1.0.392 in java.library.path: C:\Christophe\logiciels\jdk-17\bin;C:\WINDOWS\Sun\Java\bin;C:\WINDOWS\system32;C:\WINDOWS;C:\Program Files\Common Files\Oracle\Java\javapath;C:\WINDOWS\system32;C:\WINDOWS;C:\WINDOWS\System32\Wbem;C:\WINDOWS\System32\WindowsPowerShell\v1.0\;C:\WINDOWS\System32\OpenSSH\;C:\Program Files\SafeNet\Authentication\SAC\x64;C:\Program Files\SafeNet\Authentication\SAC\x32;C:\Program Files\PuTTY\;C:\Program Files\Git\cmd;C:\Microsoft VS Code\bin;C:\Users\CD272832\AppData\Local\Microsoft\WindowsApps;C:\Users\CD272832\AppData\Local\Programs\Git\cmd;.
	at java.base/java.lang.ClassLoader.loadLibrary(ClassLoader.java:2429)
	at java.base/java.lang.Runtime.loadLibrary0(Runtime.java:818)
	at java.base/java.lang.System.loadLibrary(System.java:1989)
	at com.almworks.sqlite4java.Internal.tryLoadFromSystemPath(Internal.java:352)
	at com.almworks.sqlite4java.Internal.loadLibraryX(Internal.java:124)
	at com.almworks.sqlite4java.SQLite.loadLibrary(SQLite.java:95)
	... 12 common frames omitted
ERROR: fr.proline.mzscope.mzdb.MzdbRawFile [pool-2-thread-1] 20 juin 2023 - 16:17:50 - cannot read file C:\Users\CD272832\Downloads\replicates_100fmol\mzdb\OEMMA121101_61b.mzdb
com.almworks.sqlite4java.SQLiteException: [-91] cannot load library: java.lang.UnsatisfiedLinkError: no sqlite4java-win32-x64-1.0.392 in java.library.path: C:\Christophe\logiciels\jdk-17\bin;C:\WINDOWS\Sun\Java\bin;C:\WINDOWS\system32;C:\WINDOWS;C:\Program Files\Common Files\Oracle\Java\javapath;C:\WINDOWS\system32;C:\WINDOWS;C:\WINDOWS\System32\Wbem;C:\WINDOWS\System32\WindowsPowerShell\v1.0\;C:\WINDOWS\System32\OpenSSH\;C:\Program Files\SafeNet\Authentication\SAC\x64;C:\Program Files\SafeNet\Authentication\SAC\x32;C:\Program Files\PuTTY\;C:\Program Files\Git\cmd;C:\Microsoft VS Code\bin;C:\Users\CD272832\AppData\Local\Microsoft\WindowsApps;C:\Users\CD272832\AppData\Local\Programs\Git\cmd;.
	at com.almworks.sqlite4java.SQLite.loadLibrary(SQLite.java:97)
	at com.almworks.sqlite4java.SQLiteConnection.open0(SQLiteConnection.java:1441)
	at com.almworks.sqlite4java.SQLiteConnection.openReadonly(SQLiteConnection.java:307)
	at fr.profi.mzdb.MzDbReader.<init>(MzDbReader.java:93)
	at fr.profi.mzdb.MzDbReader.<init>(MzDbReader.java:148)
	at fr.proline.mzscope.mzdb.MzdbRawFile.init(MzdbRawFile.java:92)
	at fr.proline.mzscope.mzdb.MzdbRawFile.<init>(MzdbRawFile.java:83)
	at fr.proline.mzscope.mzdb.ThreadedMzdbRawFile.lambda$init$0(ThreadedMzdbRawFile.java:54)
	at java.base/java.util.concurrent.Executors$RunnableAdapter.call(Executors.java:539)
	at java.base/java.util.concurrent.FutureTask.run$$$capture(FutureTask.java:264)
	at java.base/java.util.concurrent.FutureTask.run(FutureTask.java)
	at java.base/java.util.concurrent.ThreadPoolExecutor.runWorker(ThreadPoolExecutor.java:1136)
	at java.base/java.util.concurrent.ThreadPoolExecutor$Worker.run(ThreadPoolExecutor.java:635)
	at java.base/java.lang.Thread.run(Thread.java:833)
Caused by: java.lang.UnsatisfiedLinkError: no sqlite4java-win32-x64-1.0.392 in java.library.path: C:\Christophe\logiciels\jdk-17\bin;C:\WINDOWS\Sun\Java\bin;C:\WINDOWS\system32;C:\WINDOWS;C:\Program Files\Common Files\Oracle\Java\javapath;C:\WINDOWS\system32;C:\WINDOWS;C:\WINDOWS\System32\Wbem;C:\WINDOWS\System32\WindowsPowerShell\v1.0\;C:\WINDOWS\System32\OpenSSH\;C:\Program Files\SafeNet\Authentication\SAC\x64;C:\Program Files\SafeNet\Authentication\SAC\x32;C:\Program Files\PuTTY\;C:\Program Files\Git\cmd;C:\Microsoft VS Code\bin;C:\Users\CD272832\AppData\Local\Microsoft\WindowsApps;C:\Users\CD272832\AppData\Local\Programs\Git\cmd;.
	at java.base/java.lang.ClassLoader.loadLibrary(ClassLoader.java:2429)
	at java.base/java.lang.Runtime.loadLibrary0(Runtime.java:818)
	at java.base/java.lang.System.loadLibrary(System.java:1989)
	at com.almworks.sqlite4java.Internal.tryLoadFromSystemPath(Internal.java:352)
	at com.almworks.sqlite4java.Internal.loadLibraryX(Internal.java:124)
	at com.almworks.sqlite4java.SQLite.loadLibrary(SQLite.java:95)
	... 13 common frames omitted
ERROR: f.p.m.mzdb.ThreadedMzdbRawFile [SwingWorker-pool-3-thread-1] 20 juin 2023 - 16:18:29 - getTIC call fail
java.util.concurrent.ExecutionException: java.lang.NullPointerException: Cannot invoke "fr.profi.mzdb.MzDbReader.getSpectrumHeaders()" because "this.reader" is null
	at java.base/java.util.concurrent.FutureTask.report(FutureTask.java:122)
	at java.base/java.util.concurrent.FutureTask.get(FutureTask.java:191)
	at fr.proline.mzscope.mzdb.ThreadedMzdbRawFile.getTIC(ThreadedMzdbRawFile.java:214)
	at fr.proline.mzscope.ui.SingleRawFilePanel$1.doInBackground(SingleRawFilePanel.java:107)
	at fr.proline.mzscope.ui.SingleRawFilePanel$1.doInBackground(SingleRawFilePanel.java:104)
	at java.desktop/javax.swing.SwingWorker$1.call(SwingWorker.java:304)
	at java.base/java.util.concurrent.FutureTask.run$$$capture(FutureTask.java:264)
	at java.base/java.util.concurrent.FutureTask.run(FutureTask.java)
	at java.desktop/javax.swing.SwingWorker.run(SwingWorker.java:343)
	at java.base/java.util.concurrent.ThreadPoolExecutor.runWorker(ThreadPoolExecutor.java:1136)
	at java.base/java.util.concurrent.ThreadPoolExecutor$Worker.run(ThreadPoolExecutor.java:635)
	at java.base/java.lang.Thread.run(Thread.java:833)
Caused by: java.lang.NullPointerException: Cannot invoke "fr.profi.mzdb.MzDbReader.getSpectrumHeaders()" because "this.reader" is null
	at fr.proline.mzscope.mzdb.MzdbRawFile.getTIC(MzdbRawFile.java:158)
	at fr.proline.mzscope.mzdb.ThreadedMzdbRawFile.lambda$getTIC$14(ThreadedMzdbRawFile.java:212)
	at java.base/java.util.concurrent.FutureTask.run$$$capture(FutureTask.java:264)
	at java.base/java.util.concurrent.FutureTask.run(FutureTask.java)
	... 3 common frames omitted
ERROR: f.p.m.mzdb.ThreadedMzdbRawFile [SwingWorker-pool-3-thread-2] 20 juin 2023 - 16:18:40 - getTIC call fail
java.util.concurrent.ExecutionException: java.lang.NullPointerException: Cannot invoke "fr.profi.mzdb.MzDbReader.getSpectrumHeaders()" because "this.reader" is null
	at java.base/java.util.concurrent.FutureTask.report(FutureTask.java:122)
	at java.base/java.util.concurrent.FutureTask.get(FutureTask.java:191)
	at fr.proline.mzscope.mzdb.ThreadedMzdbRawFile.getTIC(ThreadedMzdbRawFile.java:214)
	at fr.proline.mzscope.ui.SingleRawFilePanel$1.doInBackground(SingleRawFilePanel.java:107)
	at fr.proline.mzscope.ui.SingleRawFilePanel$1.doInBackground(SingleRawFilePanel.java:104)
	at java.desktop/javax.swing.SwingWorker$1.call(SwingWorker.java:304)
	at java.base/java.util.concurrent.FutureTask.run$$$capture(FutureTask.java:264)
	at java.base/java.util.concurrent.FutureTask.run(FutureTask.java)
	at java.desktop/javax.swing.SwingWorker.run(SwingWorker.java:343)
	at java.base/java.util.concurrent.ThreadPoolExecutor.runWorker(ThreadPoolExecutor.java:1136)
	at java.base/java.util.concurrent.ThreadPoolExecutor$Worker.run(ThreadPoolExecutor.java:635)
	at java.base/java.lang.Thread.run(Thread.java:833)
Caused by: java.lang.NullPointerException: Cannot invoke "fr.profi.mzdb.MzDbReader.getSpectrumHeaders()" because "this.reader" is null
	at fr.proline.mzscope.mzdb.MzdbRawFile.getTIC(MzdbRawFile.java:158)
	at fr.proline.mzscope.mzdb.ThreadedMzdbRawFile.lambda$getTIC$14(ThreadedMzdbRawFile.java:212)
	at java.base/java.util.concurrent.FutureTask.run$$$capture(FutureTask.java:264)
	at java.base/java.util.concurrent.FutureTask.run(FutureTask.java)
	... 3 common frames omitted
ERROR: f.p.m.mzdb.ThreadedMzdbRawFile [SwingWorker-pool-3-thread-3] 20 juin 2023 - 16:18:48 - getTIC call fail
java.util.concurrent.ExecutionException: java.lang.NullPointerException: Cannot invoke "fr.profi.mzdb.MzDbReader.getSpectrumHeaders()" because "this.reader" is null
	at java.base/java.util.concurrent.FutureTask.report(FutureTask.java:122)
	at java.base/java.util.concurrent.FutureTask.get(FutureTask.java:191)
	at fr.proline.mzscope.mzdb.ThreadedMzdbRawFile.getTIC(ThreadedMzdbRawFile.java:214)
	at fr.proline.mzscope.ui.SingleRawFilePanel$1.doInBackground(SingleRawFilePanel.java:107)
	at fr.proline.mzscope.ui.SingleRawFilePanel$1.doInBackground(SingleRawFilePanel.java:104)
	at java.desktop/javax.swing.SwingWorker$1.call(SwingWorker.java:304)
	at java.base/java.util.concurrent.FutureTask.run$$$capture(FutureTask.java:264)
	at java.base/java.util.concurrent.FutureTask.run(FutureTask.java)
	at java.desktop/javax.swing.SwingWorker.run(SwingWorker.java:343)
	at java.base/java.util.concurrent.ThreadPoolExecutor.runWorker(ThreadPoolExecutor.java:1136)
	at java.base/java.util.concurrent.ThreadPoolExecutor$Worker.run(ThreadPoolExecutor.java:635)
	at java.base/java.lang.Thread.run(Thread.java:833)
Caused by: java.lang.NullPointerException: Cannot invoke "fr.profi.mzdb.MzDbReader.getSpectrumHeaders()" because "this.reader" is null
	at fr.proline.mzscope.mzdb.MzdbRawFile.getTIC(MzdbRawFile.java:158)
	at fr.proline.mzscope.mzdb.ThreadedMzdbRawFile.lambda$getTIC$14(ThreadedMzdbRawFile.java:212)
	at java.base/java.util.concurrent.FutureTask.run$$$capture(FutureTask.java:264)
	at java.base/java.util.concurrent.FutureTask.run(FutureTask.java)
	... 3 common frames omitted
ERROR: f.p.m.mzdb.ThreadedMzdbRawFile [SwingWorker-pool-3-thread-4] 20 juin 2023 - 16:18:51 - getTIC call fail
java.util.concurrent.ExecutionException: java.lang.NullPointerException: Cannot invoke "fr.profi.mzdb.MzDbReader.getSpectrumHeaders()" because "this.reader" is null
	at java.base/java.util.concurrent.FutureTask.report(FutureTask.java:122)
	at java.base/java.util.concurrent.FutureTask.get(FutureTask.java:191)
	at fr.proline.mzscope.mzdb.ThreadedMzdbRawFile.getTIC(ThreadedMzdbRawFile.java:214)
	at fr.proline.mzscope.ui.SingleRawFilePanel$1.doInBackground(SingleRawFilePanel.java:107)
	at fr.proline.mzscope.ui.SingleRawFilePanel$1.doInBackground(SingleRawFilePanel.java:104)
	at java.desktop/javax.swing.SwingWorker$1.call(SwingWorker.java:304)
	at java.base/java.util.concurrent.FutureTask.run$$$capture(FutureTask.java:264)
	at java.base/java.util.concurrent.FutureTask.run(FutureTask.java)
	at java.desktop/javax.swing.SwingWorker.run(SwingWorker.java:343)
	at java.base/java.util.concurrent.ThreadPoolExecutor.runWorker(ThreadPoolExecutor.java:1136)
	at java.base/java.util.concurrent.ThreadPoolExecutor$Worker.run(ThreadPoolExecutor.java:635)
	at java.base/java.lang.Thread.run(Thread.java:833)
Caused by: java.lang.NullPointerException: Cannot invoke "fr.profi.mzdb.MzDbReader.getSpectrumHeaders()" because "this.reader" is null
	at fr.proline.mzscope.mzdb.MzdbRawFile.getTIC(MzdbRawFile.java:158)
	at fr.proline.mzscope.mzdb.ThreadedMzdbRawFile.lambda$getTIC$14(ThreadedMzdbRawFile.java:212)
	at java.base/java.util.concurrent.FutureTask.run$$$capture(FutureTask.java:264)
	at java.base/java.util.concurrent.FutureTask.run(FutureTask.java)
	... 3 common frames omitted
ERROR: f.p.m.mzdb.ThreadedMzdbRawFile [SwingWorker-pool-3-thread-5] 20 juin 2023 - 16:18:53 - getBPI call fail
java.util.concurrent.ExecutionException: java.lang.NullPointerException: Cannot invoke "fr.profi.mzdb.MzDbReader.getSpectrumHeaders()" because "this.reader" is null
	at java.base/java.util.concurrent.FutureTask.report(FutureTask.java:122)
	at java.base/java.util.concurrent.FutureTask.get(FutureTask.java:191)
	at fr.proline.mzscope.mzdb.ThreadedMzdbRawFile.getBPI(ThreadedMzdbRawFile.java:188)
	at fr.proline.mzscope.ui.SingleRawFilePanel$2.doInBackground(SingleRawFilePanel.java:137)
	at fr.proline.mzscope.ui.SingleRawFilePanel$2.doInBackground(SingleRawFilePanel.java:134)
	at java.desktop/javax.swing.SwingWorker$1.call(SwingWorker.java:304)
	at java.base/java.util.concurrent.FutureTask.run$$$capture(FutureTask.java:264)
	at java.base/java.util.concurrent.FutureTask.run(FutureTask.java)
	at java.desktop/javax.swing.SwingWorker.run(SwingWorker.java:343)
	at java.base/java.util.concurrent.ThreadPoolExecutor.runWorker(ThreadPoolExecutor.java:1136)
	at java.base/java.util.concurrent.ThreadPoolExecutor$Worker.run(ThreadPoolExecutor.java:635)
	at java.base/java.lang.Thread.run(Thread.java:833)
Caused by: java.lang.NullPointerException: Cannot invoke "fr.profi.mzdb.MzDbReader.getSpectrumHeaders()" because "this.reader" is null
	at fr.proline.mzscope.mzdb.MzdbRawFile.getBPI(MzdbRawFile.java:179)
	at fr.proline.mzscope.mzdb.ThreadedMzdbRawFile.lambda$getBPI$12(ThreadedMzdbRawFile.java:186)
	at java.base/java.util.concurrent.FutureTask.run$$$capture(FutureTask.java:264)
	at java.base/java.util.concurrent.FutureTask.run(FutureTask.java)
	... 3 common frames omitted
ERROR: fr.proline.mzscope.mzdb.MzdbRawFile [pool-2-thread-1] 20 juin 2023 - 16:22:07 - cannot read file C:\Users\CD272832\Downloads\replicates_100fmol\mzdb\OEMMA121101_61b.mzdb
com.almworks.sqlite4java.SQLiteException: [-91] cannot load library: java.lang.UnsatisfiedLinkError: no sqlite4java-win32-x64-1.0.392 in java.library.path: C:\Christophe\logiciels\jdk-17\bin;C:\WINDOWS\Sun\Java\bin;C:\WINDOWS\system32;C:\WINDOWS;C:\Program Files\Common Files\Oracle\Java\javapath;C:\WINDOWS\system32;C:\WINDOWS;C:\WINDOWS\System32\Wbem;C:\WINDOWS\System32\WindowsPowerShell\v1.0\;C:\WINDOWS\System32\OpenSSH\;C:\Program Files\SafeNet\Authentication\SAC\x64;C:\Program Files\SafeNet\Authentication\SAC\x32;C:\Program Files\PuTTY\;C:\Program Files\Git\cmd;C:\Microsoft VS Code\bin;C:\Users\CD272832\AppData\Local\Microsoft\WindowsApps;C:\Users\CD272832\AppData\Local\Programs\Git\cmd;.
	at com.almworks.sqlite4java.SQLite.loadLibrary(SQLite.java:97)
	at com.almworks.sqlite4java.SQLiteConnection.open0(SQLiteConnection.java:1441)
	at com.almworks.sqlite4java.SQLiteConnection.openReadonly(SQLiteConnection.java:307)
	at fr.profi.mzdb.MzDbReader.<init>(MzDbReader.java:93)
	at fr.profi.mzdb.MzDbReader.<init>(MzDbReader.java:148)
	at fr.proline.mzscope.mzdb.MzdbRawFile.init(MzdbRawFile.java:92)
	at fr.proline.mzscope.mzdb.MzdbRawFile.<init>(MzdbRawFile.java:83)
	at fr.proline.mzscope.mzdb.ThreadedMzdbRawFile.lambda$init$0(ThreadedMzdbRawFile.java:54)
	at java.base/java.util.concurrent.Executors$RunnableAdapter.call(Executors.java:539)
	at java.base/java.util.concurrent.FutureTask.run$$$capture(FutureTask.java:264)
	at java.base/java.util.concurrent.FutureTask.run(FutureTask.java)
	at java.base/java.util.concurrent.ThreadPoolExecutor.runWorker(ThreadPoolExecutor.java:1136)
	at java.base/java.util.concurrent.ThreadPoolExecutor$Worker.run(ThreadPoolExecutor.java:635)
	at java.base/java.lang.Thread.run(Thread.java:833)
Caused by: java.lang.UnsatisfiedLinkError: no sqlite4java-win32-x64-1.0.392 in java.library.path: C:\Christophe\logiciels\jdk-17\bin;C:\WINDOWS\Sun\Java\bin;C:\WINDOWS\system32;C:\WINDOWS;C:\Program Files\Common Files\Oracle\Java\javapath;C:\WINDOWS\system32;C:\WINDOWS;C:\WINDOWS\System32\Wbem;C:\WINDOWS\System32\WindowsPowerShell\v1.0\;C:\WINDOWS\System32\OpenSSH\;C:\Program Files\SafeNet\Authentication\SAC\x64;C:\Program Files\SafeNet\Authentication\SAC\x32;C:\Program Files\PuTTY\;C:\Program Files\Git\cmd;C:\Microsoft VS Code\bin;C:\Users\CD272832\AppData\Local\Microsoft\WindowsApps;C:\Users\CD272832\AppData\Local\Programs\Git\cmd;.
	at java.base/java.lang.ClassLoader.loadLibrary(ClassLoader.java:2429)
	at java.base/java.lang.Runtime.loadLibrary0(Runtime.java:818)
	at java.base/java.lang.System.loadLibrary(System.java:1989)
	at com.almworks.sqlite4java.Internal.tryLoadFromSystemPath(Internal.java:352)
	at com.almworks.sqlite4java.Internal.loadLibraryX(Internal.java:124)
	at com.almworks.sqlite4java.SQLite.loadLibrary(SQLite.java:95)
	... 13 common frames omitted
ERROR: fr.proline.mzscope.mzdb.MzdbRawFile [pool-2-thread-1] 20 juin 2023 - 16:23:25 - cannot read file C:\Users\CD272832\Downloads\replicates_100fmol\mzdb\OEMMA121101_63b.mzdb
com.almworks.sqlite4java.SQLiteException: [-91] cannot load library: java.lang.UnsatisfiedLinkError: no sqlite4java-win32-x64-1.0.392 in java.library.path: C:\Christophe\logiciels\jdk-17\bin;C:\WINDOWS\Sun\Java\bin;C:\WINDOWS\system32;C:\WINDOWS;C:\Program Files\Common Files\Oracle\Java\javapath;C:\WINDOWS\system32;C:\WINDOWS;C:\WINDOWS\System32\Wbem;C:\WINDOWS\System32\WindowsPowerShell\v1.0\;C:\WINDOWS\System32\OpenSSH\;C:\Program Files\SafeNet\Authentication\SAC\x64;C:\Program Files\SafeNet\Authentication\SAC\x32;C:\Program Files\PuTTY\;C:\Program Files\Git\cmd;C:\Microsoft VS Code\bin;C:\Users\CD272832\AppData\Local\Microsoft\WindowsApps;C:\Users\CD272832\AppData\Local\Programs\Git\cmd;.
	at com.almworks.sqlite4java.SQLite.loadLibrary(SQLite.java:97)
	at com.almworks.sqlite4java.SQLiteConnection.open0(SQLiteConnection.java:1441)
	at com.almworks.sqlite4java.SQLiteConnection.openReadonly(SQLiteConnection.java:307)
	at fr.profi.mzdb.MzDbReader.<init>(MzDbReader.java:93)
	at fr.profi.mzdb.MzDbReader.<init>(MzDbReader.java:148)
	at fr.proline.mzscope.mzdb.MzdbRawFile.init(MzdbRawFile.java:92)
	at fr.proline.mzscope.mzdb.MzdbRawFile.<init>(MzdbRawFile.java:83)
	at fr.proline.mzscope.mzdb.ThreadedMzdbRawFile.lambda$init$0(ThreadedMzdbRawFile.java:54)
	at java.base/java.util.concurrent.Executors$RunnableAdapter.call(Executors.java:539)
	at java.base/java.util.concurrent.FutureTask.run(FutureTask.java:264)
	at java.base/java.util.concurrent.ThreadPoolExecutor.runWorker(ThreadPoolExecutor.java:1136)
	at java.base/java.util.concurrent.ThreadPoolExecutor$Worker.run(ThreadPoolExecutor.java:635)
	at java.base/java.lang.Thread.run(Thread.java:833)
Caused by: java.lang.UnsatisfiedLinkError: no sqlite4java-win32-x64-1.0.392 in java.library.path: C:\Christophe\logiciels\jdk-17\bin;C:\WINDOWS\Sun\Java\bin;C:\WINDOWS\system32;C:\WINDOWS;C:\Program Files\Common Files\Oracle\Java\javapath;C:\WINDOWS\system32;C:\WINDOWS;C:\WINDOWS\System32\Wbem;C:\WINDOWS\System32\WindowsPowerShell\v1.0\;C:\WINDOWS\System32\OpenSSH\;C:\Program Files\SafeNet\Authentication\SAC\x64;C:\Program Files\SafeNet\Authentication\SAC\x32;C:\Program Files\PuTTY\;C:\Program Files\Git\cmd;C:\Microsoft VS Code\bin;C:\Users\CD272832\AppData\Local\Microsoft\WindowsApps;C:\Users\CD272832\AppData\Local\Programs\Git\cmd;.
	at java.base/java.lang.ClassLoader.loadLibrary(ClassLoader.java:2429)
	at java.base/java.lang.Runtime.loadLibrary0(Runtime.java:818)
	at java.base/java.lang.System.loadLibrary(System.java:1989)
	at com.almworks.sqlite4java.Internal.tryLoadFromSystemPath(Internal.java:352)
	at com.almworks.sqlite4java.Internal.loadLibraryX(Internal.java:124)
	at com.almworks.sqlite4java.SQLite.loadLibrary(SQLite.java:95)
	... 12 common frames omitted
ERROR: fr.proline.mzscope.mzdb.MzdbRawFile [pool-2-thread-1] 20 juin 2023 - 16:25:35 - cannot read file C:\Users\CD272832\Downloads\replicates_100fmol\mzdb\OEMMA121101_61b.mzdb
com.almworks.sqlite4java.SQLiteException: [-91] cannot load library: java.lang.UnsatisfiedLinkError: no sqlite4java-win32-x64-1.0.392 in java.library.path: C:\Christophe\logiciels\jdk-17\bin;C:\WINDOWS\Sun\Java\bin;C:\WINDOWS\system32;C:\WINDOWS;C:\Program Files\Common Files\Oracle\Java\javapath;C:\WINDOWS\system32;C:\WINDOWS;C:\WINDOWS\System32\Wbem;C:\WINDOWS\System32\WindowsPowerShell\v1.0\;C:\WINDOWS\System32\OpenSSH\;C:\Program Files\SafeNet\Authentication\SAC\x64;C:\Program Files\SafeNet\Authentication\SAC\x32;C:\Program Files\PuTTY\;C:\Program Files\Git\cmd;C:\Microsoft VS Code\bin;C:\Users\CD272832\AppData\Local\Microsoft\WindowsApps;C:\Users\CD272832\AppData\Local\Programs\Git\cmd;.
	at com.almworks.sqlite4java.SQLite.loadLibrary(SQLite.java:97)
	at com.almworks.sqlite4java.SQLiteConnection.open0(SQLiteConnection.java:1441)
	at com.almworks.sqlite4java.SQLiteConnection.openReadonly(SQLiteConnection.java:307)
	at fr.profi.mzdb.MzDbReader.<init>(MzDbReader.java:93)
	at fr.profi.mzdb.MzDbReader.<init>(MzDbReader.java:148)
	at fr.proline.mzscope.mzdb.MzdbRawFile.init(MzdbRawFile.java:92)
	at fr.proline.mzscope.mzdb.MzdbRawFile.<init>(MzdbRawFile.java:83)
	at fr.proline.mzscope.mzdb.ThreadedMzdbRawFile.lambda$init$0(ThreadedMzdbRawFile.java:54)
	at java.base/java.util.concurrent.Executors$RunnableAdapter.call(Executors.java:539)
	at java.base/java.util.concurrent.FutureTask.run$$$capture(FutureTask.java:264)
	at java.base/java.util.concurrent.FutureTask.run(FutureTask.java)
	at java.base/java.util.concurrent.ThreadPoolExecutor.runWorker(ThreadPoolExecutor.java:1136)
	at java.base/java.util.concurrent.ThreadPoolExecutor$Worker.run(ThreadPoolExecutor.java:635)
	at java.base/java.lang.Thread.run(Thread.java:833)
Caused by: java.lang.UnsatisfiedLinkError: no sqlite4java-win32-x64-1.0.392 in java.library.path: C:\Christophe\logiciels\jdk-17\bin;C:\WINDOWS\Sun\Java\bin;C:\WINDOWS\system32;C:\WINDOWS;C:\Program Files\Common Files\Oracle\Java\javapath;C:\WINDOWS\system32;C:\WINDOWS;C:\WINDOWS\System32\Wbem;C:\WINDOWS\System32\WindowsPowerShell\v1.0\;C:\WINDOWS\System32\OpenSSH\;C:\Program Files\SafeNet\Authentication\SAC\x64;C:\Program Files\SafeNet\Authentication\SAC\x32;C:\Program Files\PuTTY\;C:\Program Files\Git\cmd;C:\Microsoft VS Code\bin;C:\Users\CD272832\AppData\Local\Microsoft\WindowsApps;C:\Users\CD272832\AppData\Local\Programs\Git\cmd;.
	at java.base/java.lang.ClassLoader.loadLibrary(ClassLoader.java:2429)
	at java.base/java.lang.Runtime.loadLibrary0(Runtime.java:818)
	at java.base/java.lang.System.loadLibrary(System.java:1989)
	at com.almworks.sqlite4java.Internal.tryLoadFromSystemPath(Internal.java:352)
	at com.almworks.sqlite4java.Internal.loadLibraryX(Internal.java:124)
	at com.almworks.sqlite4java.SQLite.loadLibrary(SQLite.java:95)
	... 13 common frames omitted
ERROR: fr.proline.mzscope.mzdb.MzdbRawFile [pool-2-thread-1] 20 juin 2023 - 16:35:00 - cannot read file C:\Users\CD272832\Downloads\replicates_100fmol\mzdb\OEMMA121101_65b.mzdb
com.almworks.sqlite4java.SQLiteException: [-91] cannot load library: java.lang.UnsatisfiedLinkError: no sqlite4java-win32-x64-1.0.392 in java.library.path: C:\Christophe\logiciels\jdk-17\bin;C:\WINDOWS\Sun\Java\bin;C:\WINDOWS\system32;C:\WINDOWS;C:\Program Files\Common Files\Oracle\Java\javapath;C:\WINDOWS\system32;C:\WINDOWS;C:\WINDOWS\System32\Wbem;C:\WINDOWS\System32\WindowsPowerShell\v1.0\;C:\WINDOWS\System32\OpenSSH\;C:\Program Files\SafeNet\Authentication\SAC\x64;C:\Program Files\SafeNet\Authentication\SAC\x32;C:\Program Files\PuTTY\;C:\Program Files\Git\cmd;C:\Microsoft VS Code\bin;C:\Users\CD272832\AppData\Local\Microsoft\WindowsApps;C:\Users\CD272832\AppData\Local\Programs\Git\cmd;.
	at com.almworks.sqlite4java.SQLite.loadLibrary(SQLite.java:97)
	at com.almworks.sqlite4java.SQLiteConnection.open0(SQLiteConnection.java:1441)
	at com.almworks.sqlite4java.SQLiteConnection.openReadonly(SQLiteConnection.java:307)
	at fr.profi.mzdb.MzDbReader.<init>(MzDbReader.java:93)
	at fr.profi.mzdb.MzDbReader.<init>(MzDbReader.java:148)
	at fr.proline.mzscope.mzdb.MzdbRawFile.init(MzdbRawFile.java:92)
	at fr.proline.mzscope.mzdb.MzdbRawFile.<init>(MzdbRawFile.java:83)
	at fr.proline.mzscope.mzdb.ThreadedMzdbRawFile.lambda$init$0(ThreadedMzdbRawFile.java:54)
	at java.base/java.util.concurrent.Executors$RunnableAdapter.call(Executors.java:539)
	at java.base/java.util.concurrent.FutureTask.run(FutureTask.java:264)
	at java.base/java.util.concurrent.ThreadPoolExecutor.runWorker(ThreadPoolExecutor.java:1136)
	at java.base/java.util.concurrent.ThreadPoolExecutor$Worker.run(ThreadPoolExecutor.java:635)
	at java.base/java.lang.Thread.run(Thread.java:833)
Caused by: java.lang.UnsatisfiedLinkError: no sqlite4java-win32-x64-1.0.392 in java.library.path: C:\Christophe\logiciels\jdk-17\bin;C:\WINDOWS\Sun\Java\bin;C:\WINDOWS\system32;C:\WINDOWS;C:\Program Files\Common Files\Oracle\Java\javapath;C:\WINDOWS\system32;C:\WINDOWS;C:\WINDOWS\System32\Wbem;C:\WINDOWS\System32\WindowsPowerShell\v1.0\;C:\WINDOWS\System32\OpenSSH\;C:\Program Files\SafeNet\Authentication\SAC\x64;C:\Program Files\SafeNet\Authentication\SAC\x32;C:\Program Files\PuTTY\;C:\Program Files\Git\cmd;C:\Microsoft VS Code\bin;C:\Users\CD272832\AppData\Local\Microsoft\WindowsApps;C:\Users\CD272832\AppData\Local\Programs\Git\cmd;.
	at java.base/java.lang.ClassLoader.loadLibrary(ClassLoader.java:2429)
	at java.base/java.lang.Runtime.loadLibrary0(Runtime.java:818)
	at java.base/java.lang.System.loadLibrary(System.java:1989)
	at com.almworks.sqlite4java.Internal.tryLoadFromSystemPath(Internal.java:352)
	at com.almworks.sqlite4java.Internal.loadLibraryX(Internal.java:124)
	at com.almworks.sqlite4java.SQLite.loadLibrary(SQLite.java:95)
	... 12 common frames omitted
ERROR: f.p.m.mzdb.ThreadedMzdbRawFile [SwingWorker-pool-3-thread-1] 20 juin 2023 - 16:37:04 - getTIC call fail
java.util.concurrent.ExecutionException: java.lang.NullPointerException: Cannot invoke "fr.profi.mzdb.MzDbReader.getSpectrumHeaders()" because "this.reader" is null
	at java.base/java.util.concurrent.FutureTask.report(FutureTask.java:122)
	at java.base/java.util.concurrent.FutureTask.get(FutureTask.java:191)
	at fr.proline.mzscope.mzdb.ThreadedMzdbRawFile.getTIC(ThreadedMzdbRawFile.java:214)
	at fr.proline.mzscope.ui.TabbedMultiRawFilePanel$8.doInBackground(TabbedMultiRawFilePanel.java:418)
	at fr.proline.mzscope.ui.TabbedMultiRawFilePanel$8.doInBackground(TabbedMultiRawFilePanel.java:410)
	at java.desktop/javax.swing.SwingWorker$1.call(SwingWorker.java:304)
	at java.base/java.util.concurrent.FutureTask.run(FutureTask.java:264)
	at java.desktop/javax.swing.SwingWorker.run(SwingWorker.java:343)
	at java.base/java.util.concurrent.ThreadPoolExecutor.runWorker(ThreadPoolExecutor.java:1136)
	at java.base/java.util.concurrent.ThreadPoolExecutor$Worker.run(ThreadPoolExecutor.java:635)
	at java.base/java.lang.Thread.run(Thread.java:833)
Caused by: java.lang.NullPointerException: Cannot invoke "fr.profi.mzdb.MzDbReader.getSpectrumHeaders()" because "this.reader" is null
	at fr.proline.mzscope.mzdb.MzdbRawFile.getTIC(MzdbRawFile.java:158)
	at fr.proline.mzscope.mzdb.ThreadedMzdbRawFile.lambda$getTIC$14(ThreadedMzdbRawFile.java:212)
	at java.base/java.util.concurrent.FutureTask.run(FutureTask.java:264)
	... 3 common frames omitted
ERROR: fr.proline.mzscope.mzdb.MzdbRawFile [pool-4-thread-1] 20 juin 2023 - 16:46:52 - cannot read file C:\Users\CD272832\Downloads\replicates_100fmol\mzdb\OEMMA121101_63b.mzdb
com.almworks.sqlite4java.SQLiteException: [-91] cannot load library: java.lang.UnsatisfiedLinkError: no sqlite4java-win32-x64-1.0.392 in java.library.path: C:\Christophe\logiciels\jdk-17\bin;C:\WINDOWS\Sun\Java\bin;C:\WINDOWS\system32;C:\WINDOWS;C:\Program Files\Common Files\Oracle\Java\javapath;C:\WINDOWS\system32;C:\WINDOWS;C:\WINDOWS\System32\Wbem;C:\WINDOWS\System32\WindowsPowerShell\v1.0\;C:\WINDOWS\System32\OpenSSH\;C:\Program Files\SafeNet\Authentication\SAC\x64;C:\Program Files\SafeNet\Authentication\SAC\x32;C:\Program Files\PuTTY\;C:\Program Files\Git\cmd;C:\Microsoft VS Code\bin;C:\Users\CD272832\AppData\Local\Microsoft\WindowsApps;C:\Users\CD272832\AppData\Local\Programs\Git\cmd;.
	at com.almworks.sqlite4java.SQLite.loadLibrary(SQLite.java:97)
	at com.almworks.sqlite4java.SQLiteConnection.open0(SQLiteConnection.java:1441)
	at com.almworks.sqlite4java.SQLiteConnection.openReadonly(SQLiteConnection.java:307)
	at fr.profi.mzdb.MzDbReader.<init>(MzDbReader.java:93)
	at fr.profi.mzdb.MzDbReader.<init>(MzDbReader.java:148)
	at fr.proline.mzscope.mzdb.MzdbRawFile.init(MzdbRawFile.java:92)
	at fr.proline.mzscope.mzdb.MzdbRawFile.<init>(MzdbRawFile.java:83)
	at fr.proline.mzscope.mzdb.ThreadedMzdbRawFile.lambda$init$0(ThreadedMzdbRawFile.java:54)
	at java.base/java.util.concurrent.Executors$RunnableAdapter.call(Executors.java:539)
	at java.base/java.util.concurrent.FutureTask.run(FutureTask.java:264)
	at java.base/java.util.concurrent.ThreadPoolExecutor.runWorker(ThreadPoolExecutor.java:1136)
	at java.base/java.util.concurrent.ThreadPoolExecutor$Worker.run(ThreadPoolExecutor.java:635)
	at java.base/java.lang.Thread.run(Thread.java:833)
Caused by: java.lang.UnsatisfiedLinkError: no sqlite4java-win32-x64-1.0.392 in java.library.path: C:\Christophe\logiciels\jdk-17\bin;C:\WINDOWS\Sun\Java\bin;C:\WINDOWS\system32;C:\WINDOWS;C:\Program Files\Common Files\Oracle\Java\javapath;C:\WINDOWS\system32;C:\WINDOWS;C:\WINDOWS\System32\Wbem;C:\WINDOWS\System32\WindowsPowerShell\v1.0\;C:\WINDOWS\System32\OpenSSH\;C:\Program Files\SafeNet\Authentication\SAC\x64;C:\Program Files\SafeNet\Authentication\SAC\x32;C:\Program Files\PuTTY\;C:\Program Files\Git\cmd;C:\Microsoft VS Code\bin;C:\Users\CD272832\AppData\Local\Microsoft\WindowsApps;C:\Users\CD272832\AppData\Local\Programs\Git\cmd;.
	at java.base/java.lang.ClassLoader.loadLibrary(ClassLoader.java:2429)
	at java.base/java.lang.Runtime.loadLibrary0(Runtime.java:818)
	at java.base/java.lang.System.loadLibrary(System.java:1989)
	at com.almworks.sqlite4java.Internal.tryLoadFromSystemPath(Internal.java:352)
	at com.almworks.sqlite4java.Internal.loadLibraryX(Internal.java:124)
	at com.almworks.sqlite4java.SQLite.loadLibrary(SQLite.java:95)
	... 12 common frames omitted
ERROR: fr.proline.mzscope.mzdb.MzdbRawFile [pool-2-thread-1] 21 juin 2023 - 07:46:23 - cannot read file C:\Users\CD272832\Downloads\replicates_100fmol\mzdb\OEMMA121101_61b.mzdb
com.almworks.sqlite4java.SQLiteException: [-91] cannot load library: java.lang.UnsatisfiedLinkError: no sqlite4java-win32-x64-1.0.392 in java.library.path: C:\Christophe\logiciels\jdk-17\bin;C:\WINDOWS\Sun\Java\bin;C:\WINDOWS\system32;C:\WINDOWS;C:\Program Files\Common Files\Oracle\Java\javapath;C:\WINDOWS\system32;C:\WINDOWS;C:\WINDOWS\System32\Wbem;C:\WINDOWS\System32\WindowsPowerShell\v1.0\;C:\WINDOWS\System32\OpenSSH\;C:\Program Files\SafeNet\Authentication\SAC\x64;C:\Program Files\SafeNet\Authentication\SAC\x32;C:\Program Files\PuTTY\;C:\Program Files\Git\cmd;C:\Microsoft VS Code\bin;C:\Users\CD272832\AppData\Local\Microsoft\WindowsApps;C:\Users\CD272832\AppData\Local\Programs\Git\cmd;.
	at com.almworks.sqlite4java.SQLite.loadLibrary(SQLite.java:97)
	at com.almworks.sqlite4java.SQLiteConnection.open0(SQLiteConnection.java:1441)
	at com.almworks.sqlite4java.SQLiteConnection.openReadonly(SQLiteConnection.java:307)
	at fr.profi.mzdb.MzDbReader.<init>(MzDbReader.java:93)
	at fr.profi.mzdb.MzDbReader.<init>(MzDbReader.java:148)
	at fr.proline.mzscope.mzdb.MzdbRawFile.init(MzdbRawFile.java:92)
	at fr.proline.mzscope.mzdb.MzdbRawFile.<init>(MzdbRawFile.java:83)
	at fr.proline.mzscope.mzdb.ThreadedMzdbRawFile.lambda$init$0(ThreadedMzdbRawFile.java:54)
	at java.base/java.util.concurrent.Executors$RunnableAdapter.call(Executors.java:539)
	at java.base/java.util.concurrent.FutureTask.run(FutureTask.java:264)
	at java.base/java.util.concurrent.ThreadPoolExecutor.runWorker(ThreadPoolExecutor.java:1136)
	at java.base/java.util.concurrent.ThreadPoolExecutor$Worker.run(ThreadPoolExecutor.java:635)
	at java.base/java.lang.Thread.run(Thread.java:833)
Caused by: java.lang.UnsatisfiedLinkError: no sqlite4java-win32-x64-1.0.392 in java.library.path: C:\Christophe\logiciels\jdk-17\bin;C:\WINDOWS\Sun\Java\bin;C:\WINDOWS\system32;C:\WINDOWS;C:\Program Files\Common Files\Oracle\Java\javapath;C:\WINDOWS\system32;C:\WINDOWS;C:\WINDOWS\System32\Wbem;C:\WINDOWS\System32\WindowsPowerShell\v1.0\;C:\WINDOWS\System32\OpenSSH\;C:\Program Files\SafeNet\Authentication\SAC\x64;C:\Program Files\SafeNet\Authentication\SAC\x32;C:\Program Files\PuTTY\;C:\Program Files\Git\cmd;C:\Microsoft VS Code\bin;C:\Users\CD272832\AppData\Local\Microsoft\WindowsApps;C:\Users\CD272832\AppData\Local\Programs\Git\cmd;.
	at java.base/java.lang.ClassLoader.loadLibrary(ClassLoader.java:2429)
	at java.base/java.lang.Runtime.loadLibrary0(Runtime.java:818)
	at java.base/java.lang.System.loadLibrary(System.java:1989)
	at com.almworks.sqlite4java.Internal.tryLoadFromSystemPath(Internal.java:352)
	at com.almworks.sqlite4java.Internal.loadLibraryX(Internal.java:124)
	at com.almworks.sqlite4java.SQLite.loadLibrary(SQLite.java:95)
	... 12 common frames omitted
ERROR: fr.proline.mzscope.mzdb.MzdbRawFile [pool-2-thread-1] 21 juin 2023 - 07:47:40 - cannot read file C:\Users\CD272832\Downloads\replicates_100fmol\mzdb\OEMMA121101_61b.mzdb
com.almworks.sqlite4java.SQLiteException: [-91] cannot load library: java.lang.UnsatisfiedLinkError: no sqlite4java-win32-x64-1.0.392 in java.library.path: C:\Christophe\logiciels\jdk-17\bin;C:\WINDOWS\Sun\Java\bin;C:\WINDOWS\system32;C:\WINDOWS;C:\Program Files\Common Files\Oracle\Java\javapath;C:\WINDOWS\system32;C:\WINDOWS;C:\WINDOWS\System32\Wbem;C:\WINDOWS\System32\WindowsPowerShell\v1.0\;C:\WINDOWS\System32\OpenSSH\;C:\Program Files\SafeNet\Authentication\SAC\x64;C:\Program Files\SafeNet\Authentication\SAC\x32;C:\Program Files\PuTTY\;C:\Program Files\Git\cmd;C:\Microsoft VS Code\bin;C:\Users\CD272832\AppData\Local\Microsoft\WindowsApps;C:\Users\CD272832\AppData\Local\Programs\Git\cmd;.
	at com.almworks.sqlite4java.SQLite.loadLibrary(SQLite.java:97)
	at com.almworks.sqlite4java.SQLiteConnection.open0(SQLiteConnection.java:1441)
	at com.almworks.sqlite4java.SQLiteConnection.openReadonly(SQLiteConnection.java:307)
	at fr.profi.mzdb.MzDbReader.<init>(MzDbReader.java:93)
	at fr.profi.mzdb.MzDbReader.<init>(MzDbReader.java:148)
	at fr.proline.mzscope.mzdb.MzdbRawFile.init(MzdbRawFile.java:92)
	at fr.proline.mzscope.mzdb.MzdbRawFile.<init>(MzdbRawFile.java:83)
	at fr.proline.mzscope.mzdb.ThreadedMzdbRawFile.lambda$init$0(ThreadedMzdbRawFile.java:54)
	at java.base/java.util.concurrent.Executors$RunnableAdapter.call(Executors.java:539)
	at java.base/java.util.concurrent.FutureTask.run$$$capture(FutureTask.java:264)
	at java.base/java.util.concurrent.FutureTask.run(FutureTask.java)
	at java.base/java.util.concurrent.ThreadPoolExecutor.runWorker(ThreadPoolExecutor.java:1136)
	at java.base/java.util.concurrent.ThreadPoolExecutor$Worker.run(ThreadPoolExecutor.java:635)
	at java.base/java.lang.Thread.run(Thread.java:833)
Caused by: java.lang.UnsatisfiedLinkError: no sqlite4java-win32-x64-1.0.392 in java.library.path: C:\Christophe\logiciels\jdk-17\bin;C:\WINDOWS\Sun\Java\bin;C:\WINDOWS\system32;C:\WINDOWS;C:\Program Files\Common Files\Oracle\Java\javapath;C:\WINDOWS\system32;C:\WINDOWS;C:\WINDOWS\System32\Wbem;C:\WINDOWS\System32\WindowsPowerShell\v1.0\;C:\WINDOWS\System32\OpenSSH\;C:\Program Files\SafeNet\Authentication\SAC\x64;C:\Program Files\SafeNet\Authentication\SAC\x32;C:\Program Files\PuTTY\;C:\Program Files\Git\cmd;C:\Microsoft VS Code\bin;C:\Users\CD272832\AppData\Local\Microsoft\WindowsApps;C:\Users\CD272832\AppData\Local\Programs\Git\cmd;.
	at java.base/java.lang.ClassLoader.loadLibrary(ClassLoader.java:2429)
	at java.base/java.lang.Runtime.loadLibrary0(Runtime.java:818)
	at java.base/java.lang.System.loadLibrary(System.java:1989)
	at com.almworks.sqlite4java.Internal.tryLoadFromSystemPath(Internal.java:352)
	at com.almworks.sqlite4java.Internal.loadLibraryX(Internal.java:124)
	at com.almworks.sqlite4java.SQLite.loadLibrary(SQLite.java:95)
	... 13 common frames omitted
ERROR: fr.proline.mzscope.mzdb.MzdbRawFile [pool-2-thread-1] 21 juin 2023 - 08:03:58 - cannot read file C:\Users\CD272832\Downloads\replicates_100fmol\mzdb\OEMMA121101_61b.mzdb
com.almworks.sqlite4java.SQLiteException: [-91] cannot load library: java.lang.UnsatisfiedLinkError: no sqlite4java-win32-x64-1.0.392 in java.library.path: C:\Christophe\logiciels\jdk-17\bin;C:\WINDOWS\Sun\Java\bin;C:\WINDOWS\system32;C:\WINDOWS;C:\Program Files\Common Files\Oracle\Java\javapath;C:\WINDOWS\system32;C:\WINDOWS;C:\WINDOWS\System32\Wbem;C:\WINDOWS\System32\WindowsPowerShell\v1.0\;C:\WINDOWS\System32\OpenSSH\;C:\Program Files\SafeNet\Authentication\SAC\x64;C:\Program Files\SafeNet\Authentication\SAC\x32;C:\Program Files\PuTTY\;C:\Program Files\Git\cmd;C:\Microsoft VS Code\bin;C:\Users\CD272832\AppData\Local\Microsoft\WindowsApps;C:\Users\CD272832\AppData\Local\Programs\Git\cmd;.
	at com.almworks.sqlite4java.SQLite.loadLibrary(SQLite.java:97)
	at com.almworks.sqlite4java.SQLiteConnection.open0(SQLiteConnection.java:1441)
	at com.almworks.sqlite4java.SQLiteConnection.openReadonly(SQLiteConnection.java:307)
	at fr.profi.mzdb.MzDbReader.<init>(MzDbReader.java:93)
	at fr.profi.mzdb.MzDbReader.<init>(MzDbReader.java:148)
	at fr.proline.mzscope.mzdb.MzdbRawFile.init(MzdbRawFile.java:92)
	at fr.proline.mzscope.mzdb.MzdbRawFile.<init>(MzdbRawFile.java:83)
	at fr.proline.mzscope.mzdb.ThreadedMzdbRawFile.lambda$init$0(ThreadedMzdbRawFile.java:54)
	at java.base/java.util.concurrent.Executors$RunnableAdapter.call(Executors.java:539)
	at java.base/java.util.concurrent.FutureTask.run$$$capture(FutureTask.java:264)
	at java.base/java.util.concurrent.FutureTask.run(FutureTask.java)
	at java.base/java.util.concurrent.ThreadPoolExecutor.runWorker(ThreadPoolExecutor.java:1136)
	at java.base/java.util.concurrent.ThreadPoolExecutor$Worker.run(ThreadPoolExecutor.java:635)
	at java.base/java.lang.Thread.run(Thread.java:833)
Caused by: java.lang.UnsatisfiedLinkError: no sqlite4java-win32-x64-1.0.392 in java.library.path: C:\Christophe\logiciels\jdk-17\bin;C:\WINDOWS\Sun\Java\bin;C:\WINDOWS\system32;C:\WINDOWS;C:\Program Files\Common Files\Oracle\Java\javapath;C:\WINDOWS\system32;C:\WINDOWS;C:\WINDOWS\System32\Wbem;C:\WINDOWS\System32\WindowsPowerShell\v1.0\;C:\WINDOWS\System32\OpenSSH\;C:\Program Files\SafeNet\Authentication\SAC\x64;C:\Program Files\SafeNet\Authentication\SAC\x32;C:\Program Files\PuTTY\;C:\Program Files\Git\cmd;C:\Microsoft VS Code\bin;C:\Users\CD272832\AppData\Local\Microsoft\WindowsApps;C:\Users\CD272832\AppData\Local\Programs\Git\cmd;.
	at java.base/java.lang.ClassLoader.loadLibrary(ClassLoader.java:2429)
	at java.base/java.lang.Runtime.loadLibrary0(Runtime.java:818)
	at java.base/java.lang.System.loadLibrary(System.java:1989)
	at com.almworks.sqlite4java.Internal.tryLoadFromSystemPath(Internal.java:352)
	at com.almworks.sqlite4java.Internal.loadLibraryX(Internal.java:124)
	at com.almworks.sqlite4java.SQLite.loadLibrary(SQLite.java:95)
	... 13 common frames omitted
ERROR: f.p.m.mzdb.ThreadedMzdbRawFile [SwingWorker-pool-3-thread-3] 21 juin 2023 - 11:31:46 - extractFeatures call fail
java.util.concurrent.ExecutionException: java.lang.ArrayIndexOutOfBoundsException: Index 8 out of bounds for length 8
	at java.base/java.util.concurrent.FutureTask.report(FutureTask.java:122)
	at java.base/java.util.concurrent.FutureTask.get(FutureTask.java:191)
	at fr.proline.mzscope.mzdb.ThreadedMzdbRawFile.extractFeatures(ThreadedMzdbRawFile.java:158)
	at fr.proline.mzscope.ui.MzScopePanel$8.doInBackground(MzScopePanel.java:470)
	at fr.proline.mzscope.ui.MzScopePanel$8.doInBackground(MzScopePanel.java:463)
	at java.desktop/javax.swing.SwingWorker$1.call(SwingWorker.java:304)
	at java.base/java.util.concurrent.FutureTask.run(FutureTask.java:264)
	at java.desktop/javax.swing.SwingWorker.run(SwingWorker.java:343)
	at java.base/java.util.concurrent.ThreadPoolExecutor.runWorker(ThreadPoolExecutor.java:1136)
	at java.base/java.util.concurrent.ThreadPoolExecutor$Worker.run(ThreadPoolExecutor.java:635)
	at java.base/java.lang.Thread.run(Thread.java:833)
Caused by: java.lang.ArrayIndexOutOfBoundsException: Index 8 out of bounds for length 8
	at fr.proline.mzscope.processing.PeakelsHelper.deisotopePeakels(PeakelsHelper.java:131)
	at fr.proline.mzscope.mzdb.MzdbRawFile.detectFeatures(MzdbRawFile.java:479)
	at fr.proline.mzscope.mzdb.MzdbRawFile.extractFeatures(MzdbRawFile.java:451)
	at fr.proline.mzscope.mzdb.ThreadedMzdbRawFile.lambda$extractFeatures$9(ThreadedMzdbRawFile.java:153)
	at java.base/java.util.concurrent.FutureTask.run(FutureTask.java:264)
	... 3 common frames omitted
ERROR: f.p.m.mzdb.ThreadedMzdbRawFile [SwingWorker-pool-3-thread-2] 27 juin 2023 - 11:48:43 - extractFeatures call fail
java.util.concurrent.ExecutionException: java.lang.ArrayIndexOutOfBoundsException: Index 8 out of bounds for length 8
	at java.base/java.util.concurrent.FutureTask.report(FutureTask.java:122)
	at java.base/java.util.concurrent.FutureTask.get(FutureTask.java:191)
	at fr.proline.mzscope.mzdb.ThreadedMzdbRawFile.extractFeatures(ThreadedMzdbRawFile.java:158)
	at fr.proline.mzscope.ui.MzScopePanel$8.doInBackground(MzScopePanel.java:470)
	at fr.proline.mzscope.ui.MzScopePanel$8.doInBackground(MzScopePanel.java:463)
	at java.desktop/javax.swing.SwingWorker$1.call(SwingWorker.java:304)
	at java.base/java.util.concurrent.FutureTask.run$$$capture(FutureTask.java:264)
	at java.base/java.util.concurrent.FutureTask.run(FutureTask.java)
	at java.desktop/javax.swing.SwingWorker.run(SwingWorker.java:343)
	at java.base/java.util.concurrent.ThreadPoolExecutor.runWorker(ThreadPoolExecutor.java:1136)
	at java.base/java.util.concurrent.ThreadPoolExecutor$Worker.run(ThreadPoolExecutor.java:635)
	at java.base/java.lang.Thread.run(Thread.java:833)
Caused by: java.lang.ArrayIndexOutOfBoundsException: Index 8 out of bounds for length 8
	at fr.proline.mzscope.processing.PeakelsHelper.deisotopePeakels(PeakelsHelper.java:131)
	at fr.proline.mzscope.mzdb.MzdbRawFile.detectFeatures(MzdbRawFile.java:479)
	at fr.proline.mzscope.mzdb.MzdbRawFile.extractFeatures(MzdbRawFile.java:451)
	at fr.proline.mzscope.mzdb.ThreadedMzdbRawFile.lambda$extractFeatures$9(ThreadedMzdbRawFile.java:153)
	at java.base/java.util.concurrent.FutureTask.run$$$capture(FutureTask.java:264)
	at java.base/java.util.concurrent.FutureTask.run(FutureTask.java)
	... 3 common frames omitted
ERROR: f.p.m.mzdb.ThreadedMzdbRawFile [AWT-EventQueue-0] 27 juin 2023 - 17:26:17 - extractPeakels call fail
java.util.concurrent.ExecutionException: java.lang.NullPointerException: Cannot invoke "fr.proline.mzscope.model.FeaturesExtractionRequest.toString()" because "params" is null
	at java.base/java.util.concurrent.FutureTask.report(FutureTask.java:122)
	at java.base/java.util.concurrent.FutureTask.get(FutureTask.java:191)
	at fr.proline.mzscope.mzdb.ThreadedMzdbRawFile.extractPeakels(ThreadedMzdbRawFile.java:175)
	at fr.profi.mzscope.ui.RawMinerFrame.getPeakels(RawMinerFrame.java:200)
	at java.desktop/javax.swing.AbstractButton.fireActionPerformed(AbstractButton.java:1972)
	at java.desktop/javax.swing.AbstractButton$Handler.actionPerformed(AbstractButton.java:2313)
	at java.desktop/javax.swing.DefaultButtonModel.fireActionPerformed(DefaultButtonModel.java:405)
	at java.desktop/javax.swing.DefaultButtonModel.setPressed(DefaultButtonModel.java:262)
	at java.desktop/javax.swing.AbstractButton.doClick(AbstractButton.java:374)
	at java.desktop/javax.swing.plaf.basic.BasicMenuItemUI.doClick(BasicMenuItemUI.java:1028)
	at java.desktop/javax.swing.plaf.basic.BasicMenuItemUI$Handler.mouseReleased(BasicMenuItemUI.java:1072)
	at java.desktop/java.awt.Component.processMouseEvent(Component.java:6626)
	at java.desktop/javax.swing.JComponent.processMouseEvent(JComponent.java:3389)
	at java.desktop/java.awt.Component.processEvent(Component.java:6391)
	at java.desktop/java.awt.Container.processEvent(Container.java:2266)
	at java.desktop/java.awt.Component.dispatchEventImpl(Component.java:5001)
	at java.desktop/java.awt.Container.dispatchEventImpl(Container.java:2324)
	at java.desktop/java.awt.Component.dispatchEvent(Component.java:4833)
	at java.desktop/java.awt.LightweightDispatcher.retargetMouseEvent(Container.java:4948)
	at java.desktop/java.awt.LightweightDispatcher.processMouseEvent(Container.java:4575)
	at java.desktop/java.awt.LightweightDispatcher.dispatchEvent(Container.java:4516)
	at java.desktop/java.awt.Container.dispatchEventImpl(Container.java:2310)
	at java.desktop/java.awt.Window.dispatchEventImpl(Window.java:2780)
	at java.desktop/java.awt.Component.dispatchEvent(Component.java:4833)
	at java.desktop/java.awt.EventQueue.dispatchEventImpl(EventQueue.java:773)
	at java.desktop/java.awt.EventQueue$4.run(EventQueue.java:722)
	at java.desktop/java.awt.EventQueue$4.run(EventQueue.java:716)
	at java.base/java.security.AccessController.doPrivileged(AccessController.java:399)
	at java.base/java.security.ProtectionDomain$JavaSecurityAccessImpl.doIntersectionPrivilege(ProtectionDomain.java:86)
	at java.base/java.security.ProtectionDomain$JavaSecurityAccessImpl.doIntersectionPrivilege(ProtectionDomain.java:97)
	at java.desktop/java.awt.EventQueue$5.run(EventQueue.java:746)
	at java.desktop/java.awt.EventQueue$5.run(EventQueue.java:744)
	at java.base/java.security.AccessController.doPrivileged(AccessController.java:399)
	at java.base/java.security.ProtectionDomain$JavaSecurityAccessImpl.doIntersectionPrivilege(ProtectionDomain.java:86)
	at java.desktop/java.awt.EventQueue.dispatchEvent(EventQueue.java:743)
	at java.desktop/java.awt.EventDispatchThread.pumpOneEventForFilters(EventDispatchThread.java:203)
	at java.desktop/java.awt.EventDispatchThread.pumpEventsForFilter(EventDispatchThread.java:124)
	at java.desktop/java.awt.EventDispatchThread.pumpEventsForHierarchy(EventDispatchThread.java:113)
	at java.desktop/java.awt.EventDispatchThread.pumpEvents(EventDispatchThread.java:109)
	at java.desktop/java.awt.EventDispatchThread.pumpEvents(EventDispatchThread.java:101)
	at java.desktop/java.awt.EventDispatchThread.run(EventDispatchThread.java:90)
Caused by: java.lang.NullPointerException: Cannot invoke "fr.proline.mzscope.model.FeaturesExtractionRequest.toString()" because "params" is null
	at fr.proline.mzscope.mzdb.MzdbRawFile.extractPeakels(MzdbRawFile.java:394)
	at fr.proline.mzscope.mzdb.ThreadedMzdbRawFile.lambda$extractPeakels$11(ThreadedMzdbRawFile.java:170)
	at java.base/java.util.concurrent.FutureTask.run(FutureTask.java:264)
	at java.base/java.util.concurrent.ThreadPoolExecutor.runWorker(ThreadPoolExecutor.java:1136)
	at java.base/java.util.concurrent.ThreadPoolExecutor$Worker.run(ThreadPoolExecutor.java:635)
	at java.base/java.lang.Thread.run(Thread.java:833)
